<?xml version="1.0" encoding="utf-8"?><testsuites name="pytest tests"><testsuite name="pytest" errors="0" failures="0" skipped="0" tests="17" time="88.038" timestamp="2025-08-12T22:31:53.044753+00:00" hostname="dh"><testcase classname="test.test_gelsight_sensor" name="test_camera_init" time="7.626" /><testcase classname="test.test_gelsight_sensor" name="test_camera_init_offset" time="2.885" /><testcase classname="test.test_gelsight_sensor" name="test_multi_camera_init" time="4.338" /><testcase classname="test.test_gelsight_sensor" name="test_multi_camera_with_different_resolution" time="2.730" /><testcase classname="test.test_gelsight_sensor" name="test_camera_init_intrinsic_matrix" time="5.052" /><testcase classname="test.test_gelsight_sensor" name="test_camera_set_world_poses" time="2.425" /><testcase classname="test.test_gelsight_sensor" name="test_camera_set_world_poses_from_view" time="2.645" /><testcase classname="test.test_gelsight_sensor" name="test_intrinsic_matrix" time="3.406" /><testcase classname="test.test_gelsight_sensor" name="test_depth_clipping" time="3.944" /><testcase classname="test.test_gelsight_sensor" name="test_camera_resolution_all_colorize" time="4.233" /><testcase classname="test.test_gelsight_sensor" name="test_camera_resolution_no_colorize" time="3.400" /><testcase classname="test.test_gelsight_sensor" name="test_camera_large_resolution_all_colorize" time="3.639" /><testcase classname="test.test_gelsight_sensor" name="test_camera_resolution_rgb_only" time="3.136" /><testcase classname="test.test_gelsight_sensor" name="test_camera_resolution_rgba_only" time="2.594" /><testcase classname="test.test_gelsight_sensor" name="test_camera_resolution_depth_only" time="3.081" /><testcase classname="test.test_gelsight_sensor" name="test_throughput" time="4.186" /><testcase classname="test.test_gelsight_sensor" name="test_sensor_print" time="3.192" /></testsuite></testsuites>
