<?xml version="1.0" encoding="utf-8"?><testsuites name="pytest tests"><testsuite name="pytest" errors="0" failures="0" skipped="0" tests="14" time="248.686" timestamp="2025-08-12T22:33:24.769442+00:00" hostname="dh"><testcase classname="test.test_environments" name="test_environments[TacEx-Ball-Rolling-Privileged-Reset-with-IK-solver_v0-32-cuda]" time="39.318" /><testcase classname="test.test_environments" name="test_environments[TacEx-Ball-Rolling-Privileged-Reset-with-IK-solver_v0-1-cuda]" time="11.099" /><testcase classname="test.test_environments" name="test_environments[TacEx-Ball-Rolling-Privileged-Without-Reaching_v0-32-cuda]" time="34.331" /><testcase classname="test.test_environments" name="test_environments[TacEx-Ball-Rolling-Privileged-Without-Reaching_v0-1-cuda]" time="28.915" /><testcase classname="test.test_environments" name="test_environments[TacEx-Ball-Rolling-Privileged-v0-32-cuda]" time="7.179" /><testcase classname="test.test_environments" name="test_environments[TacEx-Ball-Rolling-Privileged-v0-1-cuda]" time="5.776" /><testcase classname="test.test_environments" name="test_environments[TacEx-Ball-Rolling-Tactile-Depth-v1-32-cuda]" time="12.094" /><testcase classname="test.test_environments" name="test_environments[TacEx-Ball-Rolling-Tactile-Depth-v1-1-cuda]" time="10.727" /><testcase classname="test.test_environments" name="test_environments[TacEx-Ball-Rolling-Tactile-RGB-v0-32-cuda]" time="14.013" /><testcase classname="test.test_environments" name="test_environments[TacEx-Ball-Rolling-Tactile-RGB-v0-1-cuda]" time="10.322" /><testcase classname="test.test_environments" name="test_environments[TacEx-Ball-Rolling-Taxim-Fots-v0-32-cuda]" time="22.207" /><testcase classname="test.test_environments" name="test_environments[TacEx-Ball-Rolling-Taxim-Fots-v0-1-cuda]" time="10.095" /><testcase classname="test.test_environments" name="test_environments[TacEx-Pole-Balancing-Base-v0-32-cuda]" time="9.233" /><testcase classname="test.test_environments" name="test_environments[TacEx-Pole-Balancing-Base-v0-1-cuda]" time="8.219" /></testsuite></testsuites>
